<?xml version="1.0" encoding="UTF-8"?>
<!-- Generated by org.testng.reporters.JUnitXMLReporter -->
<testsuite ignored="0" hostname="FJOSEBAB1" failures="0" tests="3" name="Default test" time="0.63" errors="0" timestamp="2024-12-23T15:53:33 IST">
  <testcase classname="com.thetestingacademy.ATB9xAPIAutomationProgram.ex03_testNG_Examples.APITesting021_TestNG_InvocationCount" name="test01" time="0.163"/>
  <testcase classname="com.thetestingacademy.ATB9xAPIAutomationProgram.ex03_testNG_Examples.APITesting021_TestNG_InvocationCount" name="test01" time="0.014"/>
  <testcase classname="com.thetestingacademy.ATB9xAPIAutomationProgram.ex03_testNG_Examples.APITesting021_TestNG_InvocationCount" name="test01" time="0.012"/>
</testsuite> <!-- Default test -->
