<?xml version="1.0" encoding="UTF-8"?>
<testng-results ignored="0" total="3" passed="3" failed="0" skipped="0">
  <reporter-output>
  </reporter-output>
  <suite started-at="2024-12-23T15:53:33 IST" name="Default suite" finished-at="2024-12-23T15:53:33 IST" duration-ms="630">
    <groups>
    </groups>
    <test started-at="2024-12-23T15:53:33 IST" name="Default test" finished-at="2024-12-23T15:53:33 IST" duration-ms="630">
      <class name="com.thetestingacademy.ATB9xAPIAutomationProgram.ex03_testNG_Examples.APITesting021_TestNG_InvocationCount">
        <test-method signature="test01()[pri:0, instance:com.thetestingacademy.ATB9xAPIAutomationProgram.ex03_testNG_Examples.APITesting021_TestNG_InvocationCount@52f27fbd]" started-at="2024-12-23T15:53:33 IST" name="test01" finished-at="2024-12-23T15:53:33 IST" duration-ms="163" status="PASS">
          <reporter-output>
          </reporter-output>
        </test-method> <!-- test01 -->
        <test-method signature="test01()[pri:0, instance:com.thetestingacademy.ATB9xAPIAutomationProgram.ex03_testNG_Examples.APITesting021_TestNG_InvocationCount@52f27fbd]" started-at="2024-12-23T15:53:33 IST" name="test01" finished-at="2024-12-23T15:53:33 IST" duration-ms="14" status="PASS">
          <reporter-output>
          </reporter-output>
        </test-method> <!-- test01 -->
        <test-method signature="test01()[pri:0, instance:com.thetestingacademy.ATB9xAPIAutomationProgram.ex03_testNG_Examples.APITesting021_TestNG_InvocationCount@52f27fbd]" started-at="2024-12-23T15:53:33 IST" name="test01" finished-at="2024-12-23T15:53:33 IST" duration-ms="12" status="PASS">
          <reporter-output>
          </reporter-output>
        </test-method> <!-- test01 -->
      </class> <!-- com.thetestingacademy.ATB9xAPIAutomationProgram.ex03_testNG_Examples.APITesting021_TestNG_InvocationCount -->
    </test> <!-- Default test -->
  </suite> <!-- Default suite -->
</testng-results>
