<?xml version="1.0" encoding="UTF-8"?>
<testng-results ignored="0" total="1" passed="1" failed="0" skipped="0">
  <reporter-output>
  </reporter-output>
  <suite started-at="2024-12-24T13:50:14 IST" name="Default suite" finished-at="2024-12-24T13:50:23 IST" duration-ms="9266">
    <groups>
    </groups>
    <test started-at="2024-12-24T13:50:14 IST" name="Default test" finished-at="2024-12-24T13:50:23 IST" duration-ms="9266">
      <class name="com.thetestingacademy.ATB9xAPIAutomationProgram.ex05_PayLoadManagement.Jackson_Demo.APITesting027_RestAssured_JACKSON">
        <test-method signature="test_Create_Booking_Positive()[pri:0, instance:com.thetestingacademy.ATB9xAPIAutomationProgram.ex05_PayLoadManagement.Jackson_Demo.APITesting027_RestAssured_JACKSON@4007f65e]" started-at="2024-12-24T13:50:14 IST" name="test_Create_Booking_Positive" finished-at="2024-12-24T13:50:23 IST" duration-ms="8952" status="PASS">
          <reporter-output>
          </reporter-output>
        </test-method> <!-- test_Create_Booking_Positive -->
      </class> <!-- com.thetestingacademy.ATB9xAPIAutomationProgram.ex05_PayLoadManagement.Jackson_Demo.APITesting027_RestAssured_JACKSON -->
    </test> <!-- Default test -->
  </suite> <!-- Default suite -->
</testng-results>
